mode: count
github.com/NikolosHGW/chat-server/internal/api/chat/chat.go:24.61,26.2 1 0
github.com/NikolosHGW/chat-server/internal/api/chat/converter.go:8.77,15.2 1 0
github.com/NikolosHGW/chat-server/internal/api/chat/create.go:10.113,12.16 2 0
github.com/NikolosHGW/chat-server/internal/api/chat/create.go:12.16,14.3 1 0
github.com/NikolosHGW/chat-server/internal/api/chat/create.go:16.2,18.8 1 0
github.com/NikolosHGW/chat-server/internal/api/chat/delete.go:11.105,13.16 2 0
github.com/NikolosHGW/chat-server/internal/api/chat/delete.go:13.16,15.3 1 0
github.com/NikolosHGW/chat-server/internal/api/chat/delete.go:17.2,17.30 1 0
github.com/NikolosHGW/chat-server/internal/api/chat/send.go:11.115,13.16 2 0
github.com/NikolosHGW/chat-server/internal/api/chat/send.go:13.16,15.3 1 0
github.com/NikolosHGW/chat-server/internal/api/chat/send.go:17.2,17.30 1 0
github.com/NikolosHGW/chat-server/internal/infrastructure/config/config.go:18.34,21.16 2 0
github.com/NikolosHGW/chat-server/internal/infrastructure/config/config.go:21.16,23.3 1 0
github.com/NikolosHGW/chat-server/internal/infrastructure/config/config.go:25.2,26.16 2 0
github.com/NikolosHGW/chat-server/internal/infrastructure/config/config.go:26.16,28.3 1 0
github.com/NikolosHGW/chat-server/internal/infrastructure/config/config.go:30.2,30.12 1 0
github.com/NikolosHGW/chat-server/internal/infrastructure/config/config.go:34.26,37.38 2 0
github.com/NikolosHGW/chat-server/internal/infrastructure/config/config.go:37.38,39.3 1 0
github.com/NikolosHGW/chat-server/internal/infrastructure/config/config.go:41.2,41.12 1 0
github.com/NikolosHGW/chat-server/internal/infrastructure/config/config.go:44.40,46.2 1 0
github.com/NikolosHGW/chat-server/internal/infrastructure/config/config.go:48.41,50.2 1 0
github.com/NikolosHGW/chat-server/internal/api/chat/chat.go:24.61,26.2 1 6
github.com/NikolosHGW/chat-server/internal/api/chat/converter.go:8.77,15.2 1 2
github.com/NikolosHGW/chat-server/internal/api/chat/create.go:10.113,12.16 2 2
github.com/NikolosHGW/chat-server/internal/api/chat/create.go:12.16,14.3 1 1
github.com/NikolosHGW/chat-server/internal/api/chat/create.go:16.2,18.8 1 1
github.com/NikolosHGW/chat-server/internal/api/chat/delete.go:11.105,13.16 2 2
github.com/NikolosHGW/chat-server/internal/api/chat/delete.go:13.16,15.3 1 1
github.com/NikolosHGW/chat-server/internal/api/chat/delete.go:17.2,17.30 1 1
github.com/NikolosHGW/chat-server/internal/api/chat/send.go:11.115,13.16 2 2
github.com/NikolosHGW/chat-server/internal/api/chat/send.go:13.16,15.3 1 1
github.com/NikolosHGW/chat-server/internal/api/chat/send.go:17.2,17.30 1 1
github.com/NikolosHGW/chat-server/internal/infrastructure/config/config.go:18.34,21.16 2 0
github.com/NikolosHGW/chat-server/internal/infrastructure/config/config.go:21.16,23.3 1 0
github.com/NikolosHGW/chat-server/internal/infrastructure/config/config.go:25.2,26.16 2 0
github.com/NikolosHGW/chat-server/internal/infrastructure/config/config.go:26.16,28.3 1 0
github.com/NikolosHGW/chat-server/internal/infrastructure/config/config.go:30.2,30.12 1 0
github.com/NikolosHGW/chat-server/internal/infrastructure/config/config.go:34.26,37.38 2 0
github.com/NikolosHGW/chat-server/internal/infrastructure/config/config.go:37.38,39.3 1 0
github.com/NikolosHGW/chat-server/internal/infrastructure/config/config.go:41.2,41.12 1 0
github.com/NikolosHGW/chat-server/internal/infrastructure/config/config.go:44.40,46.2 1 0
github.com/NikolosHGW/chat-server/internal/infrastructure/config/config.go:48.41,50.2 1 0
